<?xml version="1.0" encoding="UTF-8"?>
<!-- Generated by org.testng.reporters.JUnitReportReporter -->
<testsuite skipped="0" hostname="Ravi-PC" name="com.fbLogin.Facebook" tests="1" failures="0" timestamp="05 Feb 2018 12:36:00 GMT" time="17.070" errors="0">
  <testcase name="browser" time="17.070" classname="com.fbLogin.Facebook"/>
</testsuite> <!-- com.fbLogin.Facebook -->
